#-----------------------------------------------------------
# Vivado v2020.2 (64-bit)
# SW Build 3064766 on Wed Nov 18 09:12:45 MST 2020
# IP Build 3064653 on Wed Nov 18 14:17:31 MST 2020
# Start of session at: Fri Feb  5 00:02:07 2021
# Process ID: 7636
# Current directory: C:/Users/Aidan/Documents/vivado/ProjectLabUno
# Command line: vivado.exe -gui_launcher_event rodinguilauncherevent6128 C:\Users\Aidan\Documents\vivado\ProjectLabUno\miniProject1_PL1.xpr
# Log file: C:/Users/Aidan/Documents/vivado/ProjectLabUno/vivado.log
# Journal file: C:/Users/Aidan/Documents/vivado/ProjectLabUno\vivado.jou
#-----------------------------------------------------------
start_gui
open_project C:/Users/Aidan/Documents/vivado/ProjectLabUno/miniProject1_PL1.xpr
WARNING: [filemgmt 56-3] Default IP Output Path : Could not find the directory 'C:/Users/Aidan/Documents/vivado/ProjectLabUno/miniProject1_PL1.gen/sources_1'.
Scanning sources...
Finished scanning sources
INFO: [IP_Flow 19-234] Refreshing IP repositories
INFO: [IP_Flow 19-1704] No user IP repositories specified
INFO: [IP_Flow 19-2313] Loaded Vivado IP repository 'C:/Xilinx/Vivado/2020.2/data/ip'.
open_project: Time (s): cpu = 00:00:11 ; elapsed = 00:00:09 . Memory (MB): peak = 1017.875 ; gain = 0.000
update_compile_order -fileset sources_1
reset_run synth_1
launch_runs synth_1 -jobs 4
[Fri Feb  5 00:03:36 2021] Launched synth_1...
Run output will be captured here: C:/Users/Aidan/Documents/vivado/ProjectLabUno/miniProject1_PL1.runs/synth_1/runme.log
launch_runs impl_1 -jobs 4
[Fri Feb  5 00:04:18 2021] Launched impl_1...
Run output will be captured here: C:/Users/Aidan/Documents/vivado/ProjectLabUno/miniProject1_PL1.runs/impl_1/runme.log
reset_run synth_1
launch_runs synth_1 -jobs 4
[Fri Feb  5 00:06:04 2021] Launched synth_1...
Run output will be captured here: C:/Users/Aidan/Documents/vivado/ProjectLabUno/miniProject1_PL1.runs/synth_1/runme.log
launch_runs impl_1 -jobs 4
[Fri Feb  5 00:06:51 2021] Launched impl_1...
Run output will be captured here: C:/Users/Aidan/Documents/vivado/ProjectLabUno/miniProject1_PL1.runs/impl_1/runme.log
reset_run synth_1
launch_runs synth_1 -jobs 4
[Fri Feb  5 00:08:05 2021] Launched synth_1...
Run output will be captured here: C:/Users/Aidan/Documents/vivado/ProjectLabUno/miniProject1_PL1.runs/synth_1/runme.log
launch_runs impl_1 -jobs 4
[Fri Feb  5 00:08:47 2021] Launched impl_1...
Run output will be captured here: C:/Users/Aidan/Documents/vivado/ProjectLabUno/miniProject1_PL1.runs/impl_1/runme.log
reset_run synth_1
launch_runs synth_1 -jobs 4
[Fri Feb  5 00:09:26 2021] Launched synth_1...
Run output will be captured here: C:/Users/Aidan/Documents/vivado/ProjectLabUno/miniProject1_PL1.runs/synth_1/runme.log
launch_runs impl_1 -jobs 4
[Fri Feb  5 00:10:09 2021] Launched impl_1...
Run output will be captured here: C:/Users/Aidan/Documents/vivado/ProjectLabUno/miniProject1_PL1.runs/impl_1/runme.log
reset_run synth_1
launch_runs synth_1 -jobs 4
[Fri Feb  5 00:12:38 2021] Launched synth_1...
Run output will be captured here: C:/Users/Aidan/Documents/vivado/ProjectLabUno/miniProject1_PL1.runs/synth_1/runme.log
launch_runs impl_1 -jobs 4
[Fri Feb  5 00:13:21 2021] Launched impl_1...
Run output will be captured here: C:/Users/Aidan/Documents/vivado/ProjectLabUno/miniProject1_PL1.runs/impl_1/runme.log
launch_runs impl_1 -to_step write_bitstream -jobs 4
[Fri Feb  5 00:14:22 2021] Launched impl_1...
Run output will be captured here: C:/Users/Aidan/Documents/vivado/ProjectLabUno/miniProject1_PL1.runs/impl_1/runme.log
reset_run synth_1
launch_runs synth_1 -jobs 4
[Fri Feb  5 00:17:10 2021] Launched synth_1...
Run output will be captured here: C:/Users/Aidan/Documents/vivado/ProjectLabUno/miniProject1_PL1.runs/synth_1/runme.log
launch_runs impl_1 -jobs 4
[Fri Feb  5 00:17:53 2021] Launched impl_1...
Run output will be captured here: C:/Users/Aidan/Documents/vivado/ProjectLabUno/miniProject1_PL1.runs/impl_1/runme.log
launch_runs impl_1 -to_step write_bitstream -jobs 4
[Fri Feb  5 00:18:50 2021] Launched impl_1...
Run output will be captured here: C:/Users/Aidan/Documents/vivado/ProjectLabUno/miniProject1_PL1.runs/impl_1/runme.log
open_hw_manager
connect_hw_server -allow_non_jtag
INFO: [Labtools 27-2285] Connecting to hw_server url TCP:localhost:3121
INFO: [Labtools 27-3415] Connecting to cs_server url TCP:localhost:3042
INFO: [Labtools 27-3414] Connected to existing cs_server.
open_hw_target
INFO: [Labtoolstcl 44-466] Opening hw_target localhost:3121/xilinx_tcf/Digilent/210183A38140A
open_hw_target: Time (s): cpu = 00:00:05 ; elapsed = 00:00:05 . Memory (MB): peak = 2388.516 ; gain = 1370.641
set_property PROGRAM.FILE {C:/Users/Aidan/Documents/vivado/ProjectLabUno/miniProject1_PL1.runs/impl_1/miniProjectSource.bit} [get_hw_devices xc7a35t_0]
current_hw_device [get_hw_devices xc7a35t_0]
refresh_hw_device -update_hw_probes false [lindex [get_hw_devices xc7a35t_0] 0]
INFO: [Labtools 27-1434] Device xc7a35t (JTAG device index = 0) is programmed with a design that has no supported debug core(s) in it.
set_property PROBES.FILE {} [get_hw_devices xc7a35t_0]
set_property FULL_PROBES.FILE {} [get_hw_devices xc7a35t_0]
set_property PROGRAM.FILE {C:/Users/Aidan/Documents/vivado/ProjectLabUno/miniProject1_PL1.runs/impl_1/miniProjectSource.bit} [get_hw_devices xc7a35t_0]
program_hw_devices [get_hw_devices xc7a35t_0]
INFO: [Labtools 27-3164] End of startup status: HIGH
refresh_hw_device [lindex [get_hw_devices xc7a35t_0] 0]
INFO: [Labtools 27-1434] Device xc7a35t (JTAG device index = 0) is programmed with a design that has no supported debug core(s) in it.
reset_run synth_1
launch_runs synth_1 -jobs 4
[Fri Feb  5 00:23:11 2021] Launched synth_1...
Run output will be captured here: C:/Users/Aidan/Documents/vivado/ProjectLabUno/miniProject1_PL1.runs/synth_1/runme.log
launch_runs impl_1 -jobs 4
[Fri Feb  5 00:25:27 2021] Launched impl_1...
Run output will be captured here: C:/Users/Aidan/Documents/vivado/ProjectLabUno/miniProject1_PL1.runs/impl_1/runme.log
launch_runs impl_1 -to_step write_bitstream -jobs 4
[Fri Feb  5 00:27:40 2021] Launched impl_1...
Run output will be captured here: C:/Users/Aidan/Documents/vivado/ProjectLabUno/miniProject1_PL1.runs/impl_1/runme.log
set_property PROBES.FILE {} [get_hw_devices xc7a35t_0]
set_property FULL_PROBES.FILE {} [get_hw_devices xc7a35t_0]
set_property PROGRAM.FILE {C:/Users/Aidan/Documents/vivado/ProjectLabUno/miniProject1_PL1.runs/impl_1/miniProjectSource.bit} [get_hw_devices xc7a35t_0]
program_hw_devices [get_hw_devices xc7a35t_0]
INFO: [Labtools 27-3164] End of startup status: HIGH
refresh_hw_device [lindex [get_hw_devices xc7a35t_0] 0]
INFO: [Labtools 27-1434] Device xc7a35t (JTAG device index = 0) is programmed with a design that has no supported debug core(s) in it.
ERROR: [Labtoolstcl 44-513] HW Target shutdown. Closing target: localhost:3121/xilinx_tcf/Digilent/210183A38140A
