#-----------------------------------------------------------
# Vivado v2020.2 (64-bit)
# SW Build 3064766 on Wed Nov 18 09:12:45 MST 2020
# IP Build 3064653 on Wed Nov 18 14:17:31 MST 2020
# Start of session at: Thu Feb  4 14:29:23 2021
# Process ID: 1660
# Current directory: C:/Users/Aidan/Documents/vivado/ProjectLabUno
# Command line: vivado.exe -gui_launcher_event rodinguilauncherevent18196 C:\Users\Aidan\Documents\vivado\ProjectLabUno\miniProject1_PL1.xpr
# Log file: C:/Users/Aidan/Documents/vivado/ProjectLabUno/vivado.log
# Journal file: C:/Users/Aidan/Documents/vivado/ProjectLabUno\vivado.jou
#-----------------------------------------------------------
start_gui
open_project C:/Users/Aidan/Documents/vivado/ProjectLabUno/miniProject1_PL1.xpr
WARNING: [filemgmt 56-3] Default IP Output Path : Could not find the directory 'C:/Users/Aidan/Documents/vivado/ProjectLabUno/miniProject1_PL1.gen/sources_1'.
Scanning sources...
Finished scanning sources
INFO: [IP_Flow 19-234] Refreshing IP repositories
INFO: [IP_Flow 19-1704] No user IP repositories specified
INFO: [IP_Flow 19-2313] Loaded Vivado IP repository 'C:/Xilinx/Vivado/2020.2/data/ip'.
open_project: Time (s): cpu = 00:00:43 ; elapsed = 00:00:25 . Memory (MB): peak = 1206.344 ; gain = 0.000
update_compile_order -fileset sources_1
reset_run synth_1
launch_runs synth_1 -jobs 4
[Thu Feb  4 16:13:01 2021] Launched synth_1...
Run output will be captured here: C:/Users/Aidan/Documents/vivado/ProjectLabUno/miniProject1_PL1.runs/synth_1/runme.log
launch_runs impl_1 -jobs 4
[Thu Feb  4 16:14:06 2021] Launched impl_1...
Run output will be captured here: C:/Users/Aidan/Documents/vivado/ProjectLabUno/miniProject1_PL1.runs/impl_1/runme.log
launch_runs impl_1 -to_step write_bitstream -jobs 4
[Thu Feb  4 16:15:21 2021] Launched impl_1...
Run output will be captured here: C:/Users/Aidan/Documents/vivado/ProjectLabUno/miniProject1_PL1.runs/impl_1/runme.log
open_hw_manager
connect_hw_server -allow_non_jtag
INFO: [Labtools 27-2285] Connecting to hw_server url TCP:localhost:3121
INFO: [Labtools 27-3415] Connecting to cs_server url TCP:localhost:3042
INFO: [Labtools 27-3414] Connected to existing cs_server.
open_hw_target
INFO: [Labtoolstcl 44-466] Opening hw_target localhost:3121/xilinx_tcf/Digilent/210183A38140A
open_hw_target: Time (s): cpu = 00:00:06 ; elapsed = 00:00:06 . Memory (MB): peak = 2381.641 ; gain = 1175.297
set_property PROGRAM.FILE {C:/Users/Aidan/Documents/vivado/ProjectLabUno/miniProject1_PL1.runs/impl_1/miniProjectSource.bit} [get_hw_devices xc7a35t_0]
current_hw_device [get_hw_devices xc7a35t_0]
refresh_hw_device -update_hw_probes false [lindex [get_hw_devices xc7a35t_0] 0]
INFO: [Labtools 27-1435] Device xc7a35t (JTAG device index = 0) is not programmed (DONE status = 0).
set_property PROBES.FILE {} [get_hw_devices xc7a35t_0]
set_property FULL_PROBES.FILE {} [get_hw_devices xc7a35t_0]
set_property PROGRAM.FILE {C:/Users/Aidan/Documents/vivado/ProjectLabUno/miniProject1_PL1.runs/impl_1/miniProjectSource.bit} [get_hw_devices xc7a35t_0]
program_hw_devices [get_hw_devices xc7a35t_0]
INFO: [Labtools 27-3164] End of startup status: HIGH
refresh_hw_device [lindex [get_hw_devices xc7a35t_0] 0]
INFO: [Labtools 27-1434] Device xc7a35t (JTAG device index = 0) is programmed with a design that has no supported debug core(s) in it.
ERROR: [Labtoolstcl 44-513] HW Target shutdown. Closing target: localhost:3121/xilinx_tcf/Digilent/210183A38140A
close_hw_manager
reset_run synth_1
launch_runs synth_1 -jobs 4
[Thu Feb  4 21:06:46 2021] Launched synth_1...
Run output will be captured here: C:/Users/Aidan/Documents/vivado/ProjectLabUno/miniProject1_PL1.runs/synth_1/runme.log
launch_runs impl_1 -jobs 4
[Thu Feb  4 21:07:56 2021] Launched impl_1...
Run output will be captured here: C:/Users/Aidan/Documents/vivado/ProjectLabUno/miniProject1_PL1.runs/impl_1/runme.log
launch_runs impl_1 -to_step write_bitstream -jobs 4
[Thu Feb  4 21:09:11 2021] Launched impl_1...
Run output will be captured here: C:/Users/Aidan/Documents/vivado/ProjectLabUno/miniProject1_PL1.runs/impl_1/runme.log
open_hw_manager
connect_hw_server -allow_non_jtag
INFO: [Labtools 27-2285] Connecting to hw_server url TCP:localhost:3121
INFO: [Labtools 27-3415] Connecting to cs_server url TCP:localhost:3042
INFO: [Labtools 27-3414] Connected to existing cs_server.
open_hw_target
INFO: [Labtoolstcl 44-466] Opening hw_target localhost:3121/xilinx_tcf/Digilent/210183A38140A
set_property PROGRAM.FILE {C:/Users/Aidan/Documents/vivado/ProjectLabUno/miniProject1_PL1.runs/impl_1/miniProjectSource.bit} [get_hw_devices xc7a35t_0]
current_hw_device [get_hw_devices xc7a35t_0]
refresh_hw_device -update_hw_probes false [lindex [get_hw_devices xc7a35t_0] 0]
INFO: [Labtools 27-1435] Device xc7a35t (JTAG device index = 0) is not programmed (DONE status = 0).
set_property PROBES.FILE {} [get_hw_devices xc7a35t_0]
set_property FULL_PROBES.FILE {} [get_hw_devices xc7a35t_0]
set_property PROGRAM.FILE {C:/Users/Aidan/Documents/vivado/ProjectLabUno/miniProject1_PL1.runs/impl_1/miniProjectSource.bit} [get_hw_devices xc7a35t_0]
program_hw_devices [get_hw_devices xc7a35t_0]
INFO: [Labtools 27-3164] End of startup status: HIGH
refresh_hw_device [lindex [get_hw_devices xc7a35t_0] 0]
INFO: [Labtools 27-1434] Device xc7a35t (JTAG device index = 0) is programmed with a design that has no supported debug core(s) in it.
close_hw_manager
reset_run synth_1
launch_runs synth_1 -jobs 4
[Thu Feb  4 21:14:00 2021] Launched synth_1...
Run output will be captured here: C:/Users/Aidan/Documents/vivado/ProjectLabUno/miniProject1_PL1.runs/synth_1/runme.log
launch_runs impl_1 -jobs 4
[Thu Feb  4 21:14:49 2021] Launched impl_1...
Run output will be captured here: C:/Users/Aidan/Documents/vivado/ProjectLabUno/miniProject1_PL1.runs/impl_1/runme.log
launch_runs impl_1 -to_step write_bitstream -jobs 4
[Thu Feb  4 21:15:52 2021] Launched impl_1...
Run output will be captured here: C:/Users/Aidan/Documents/vivado/ProjectLabUno/miniProject1_PL1.runs/impl_1/runme.log
open_hw_manager
connect_hw_server -allow_non_jtag
INFO: [Labtools 27-2285] Connecting to hw_server url TCP:localhost:3121
INFO: [Labtools 27-3415] Connecting to cs_server url TCP:localhost:3042
INFO: [Labtools 27-3414] Connected to existing cs_server.
open_hw_target
INFO: [Labtoolstcl 44-466] Opening hw_target localhost:3121/xilinx_tcf/Digilent/210183A38140A
set_property PROGRAM.FILE {C:/Users/Aidan/Documents/vivado/ProjectLabUno/miniProject1_PL1.runs/impl_1/miniProjectSource.bit} [get_hw_devices xc7a35t_0]
current_hw_device [get_hw_devices xc7a35t_0]
refresh_hw_device -update_hw_probes false [lindex [get_hw_devices xc7a35t_0] 0]
INFO: [Labtools 27-1434] Device xc7a35t (JTAG device index = 0) is programmed with a design that has no supported debug core(s) in it.
set_property PROBES.FILE {} [get_hw_devices xc7a35t_0]
set_property FULL_PROBES.FILE {} [get_hw_devices xc7a35t_0]
set_property PROGRAM.FILE {C:/Users/Aidan/Documents/vivado/ProjectLabUno/miniProject1_PL1.runs/impl_1/miniProjectSource.bit} [get_hw_devices xc7a35t_0]
program_hw_devices [get_hw_devices xc7a35t_0]
INFO: [Labtools 27-3164] End of startup status: HIGH
refresh_hw_device [lindex [get_hw_devices xc7a35t_0] 0]
INFO: [Labtools 27-1434] Device xc7a35t (JTAG device index = 0) is programmed with a design that has no supported debug core(s) in it.
reset_run synth_1
launch_runs synth_1 -jobs 4
[Thu Feb  4 21:26:43 2021] Launched synth_1...
Run output will be captured here: C:/Users/Aidan/Documents/vivado/ProjectLabUno/miniProject1_PL1.runs/synth_1/runme.log
launch_runs impl_1 -jobs 4
[Thu Feb  4 21:27:33 2021] Launched impl_1...
Run output will be captured here: C:/Users/Aidan/Documents/vivado/ProjectLabUno/miniProject1_PL1.runs/impl_1/runme.log
launch_runs impl_1 -to_step write_bitstream -jobs 4
[Thu Feb  4 21:29:03 2021] Launched impl_1...
Run output will be captured here: C:/Users/Aidan/Documents/vivado/ProjectLabUno/miniProject1_PL1.runs/impl_1/runme.log
set_property PROBES.FILE {} [get_hw_devices xc7a35t_0]
set_property FULL_PROBES.FILE {} [get_hw_devices xc7a35t_0]
set_property PROGRAM.FILE {C:/Users/Aidan/Documents/vivado/ProjectLabUno/miniProject1_PL1.runs/impl_1/miniProjectSource.bit} [get_hw_devices xc7a35t_0]
program_hw_devices [get_hw_devices xc7a35t_0]
INFO: [Labtools 27-3164] End of startup status: HIGH
refresh_hw_device [lindex [get_hw_devices xc7a35t_0] 0]
INFO: [Labtools 27-1434] Device xc7a35t (JTAG device index = 0) is programmed with a design that has no supported debug core(s) in it.
reset_run synth_1
launch_runs synth_1 -jobs 4
[Thu Feb  4 21:36:17 2021] Launched synth_1...
Run output will be captured here: C:/Users/Aidan/Documents/vivado/ProjectLabUno/miniProject1_PL1.runs/synth_1/runme.log
launch_runs impl_1 -jobs 4
[Thu Feb  4 21:37:24 2021] Launched impl_1...
Run output will be captured here: C:/Users/Aidan/Documents/vivado/ProjectLabUno/miniProject1_PL1.runs/impl_1/runme.log
launch_runs impl_1 -to_step write_bitstream -jobs 4
[Thu Feb  4 21:38:25 2021] Launched impl_1...
Run output will be captured here: C:/Users/Aidan/Documents/vivado/ProjectLabUno/miniProject1_PL1.runs/impl_1/runme.log
set_property PROBES.FILE {} [get_hw_devices xc7a35t_0]
set_property FULL_PROBES.FILE {} [get_hw_devices xc7a35t_0]
set_property PROGRAM.FILE {C:/Users/Aidan/Documents/vivado/ProjectLabUno/miniProject1_PL1.runs/impl_1/miniProjectSource.bit} [get_hw_devices xc7a35t_0]
program_hw_devices [get_hw_devices xc7a35t_0]
INFO: [Labtools 27-3164] End of startup status: HIGH
refresh_hw_device [lindex [get_hw_devices xc7a35t_0] 0]
INFO: [Labtools 27-1434] Device xc7a35t (JTAG device index = 0) is programmed with a design that has no supported debug core(s) in it.
reset_run synth_1
launch_runs synth_1 -jobs 4
[Thu Feb  4 21:46:18 2021] Launched synth_1...
Run output will be captured here: C:/Users/Aidan/Documents/vivado/ProjectLabUno/miniProject1_PL1.runs/synth_1/runme.log
launch_runs impl_1 -jobs 4
[Thu Feb  4 21:47:04 2021] Launched impl_1...
Run output will be captured here: C:/Users/Aidan/Documents/vivado/ProjectLabUno/miniProject1_PL1.runs/impl_1/runme.log
launch_runs impl_1 -to_step write_bitstream -jobs 4
[Thu Feb  4 21:48:04 2021] Launched impl_1...
Run output will be captured here: C:/Users/Aidan/Documents/vivado/ProjectLabUno/miniProject1_PL1.runs/impl_1/runme.log
set_property PROBES.FILE {} [get_hw_devices xc7a35t_0]
set_property FULL_PROBES.FILE {} [get_hw_devices xc7a35t_0]
set_property PROGRAM.FILE {C:/Users/Aidan/Documents/vivado/ProjectLabUno/miniProject1_PL1.runs/impl_1/miniProjectSource.bit} [get_hw_devices xc7a35t_0]
program_hw_devices [get_hw_devices xc7a35t_0]
INFO: [Labtools 27-3164] End of startup status: HIGH
refresh_hw_device [lindex [get_hw_devices xc7a35t_0] 0]
INFO: [Labtools 27-1434] Device xc7a35t (JTAG device index = 0) is programmed with a design that has no supported debug core(s) in it.
reset_run synth_1
launch_runs synth_1 -jobs 4
[Thu Feb  4 21:54:24 2021] Launched synth_1...
Run output will be captured here: C:/Users/Aidan/Documents/vivado/ProjectLabUno/miniProject1_PL1.runs/synth_1/runme.log
launch_runs impl_1 -jobs 4
[Thu Feb  4 21:55:05 2021] Launched impl_1...
Run output will be captured here: C:/Users/Aidan/Documents/vivado/ProjectLabUno/miniProject1_PL1.runs/impl_1/runme.log
launch_runs impl_1 -to_step write_bitstream -jobs 4
[Thu Feb  4 21:56:10 2021] Launched impl_1...
Run output will be captured here: C:/Users/Aidan/Documents/vivado/ProjectLabUno/miniProject1_PL1.runs/impl_1/runme.log
set_property PROBES.FILE {} [get_hw_devices xc7a35t_0]
set_property FULL_PROBES.FILE {} [get_hw_devices xc7a35t_0]
set_property PROGRAM.FILE {C:/Users/Aidan/Documents/vivado/ProjectLabUno/miniProject1_PL1.runs/impl_1/miniProjectSource.bit} [get_hw_devices xc7a35t_0]
program_hw_devices [get_hw_devices xc7a35t_0]
INFO: [Labtools 27-3164] End of startup status: HIGH
refresh_hw_device [lindex [get_hw_devices xc7a35t_0] 0]
INFO: [Labtools 27-1434] Device xc7a35t (JTAG device index = 0) is programmed with a design that has no supported debug core(s) in it.
reset_run synth_1
launch_runs synth_1 -jobs 4
[Thu Feb  4 22:39:22 2021] Launched synth_1...
Run output will be captured here: C:/Users/Aidan/Documents/vivado/ProjectLabUno/miniProject1_PL1.runs/synth_1/runme.log
launch_runs impl_1 -jobs 4
[Thu Feb  4 22:40:10 2021] Launched impl_1...
Run output will be captured here: C:/Users/Aidan/Documents/vivado/ProjectLabUno/miniProject1_PL1.runs/impl_1/runme.log
launch_runs impl_1 -to_step write_bitstream -jobs 4
[Thu Feb  4 22:41:14 2021] Launched impl_1...
Run output will be captured here: C:/Users/Aidan/Documents/vivado/ProjectLabUno/miniProject1_PL1.runs/impl_1/runme.log
set_property PROBES.FILE {} [get_hw_devices xc7a35t_0]
set_property FULL_PROBES.FILE {} [get_hw_devices xc7a35t_0]
set_property PROGRAM.FILE {C:/Users/Aidan/Documents/vivado/ProjectLabUno/miniProject1_PL1.runs/impl_1/miniProjectSource.bit} [get_hw_devices xc7a35t_0]
program_hw_devices [get_hw_devices xc7a35t_0]
INFO: [Labtools 27-3164] End of startup status: HIGH
refresh_hw_device [lindex [get_hw_devices xc7a35t_0] 0]
INFO: [Labtools 27-1434] Device xc7a35t (JTAG device index = 0) is programmed with a design that has no supported debug core(s) in it.
reset_run synth_1
launch_runs synth_1 -jobs 4
[Thu Feb  4 22:57:54 2021] Launched synth_1...
Run output will be captured here: C:/Users/Aidan/Documents/vivado/ProjectLabUno/miniProject1_PL1.runs/synth_1/runme.log
launch_runs impl_1 -jobs 4
[Thu Feb  4 22:58:42 2021] Launched impl_1...
Run output will be captured here: C:/Users/Aidan/Documents/vivado/ProjectLabUno/miniProject1_PL1.runs/impl_1/runme.log
launch_runs impl_1 -to_step write_bitstream -jobs 4
[Thu Feb  4 22:59:44 2021] Launched impl_1...
Run output will be captured here: C:/Users/Aidan/Documents/vivado/ProjectLabUno/miniProject1_PL1.runs/impl_1/runme.log
set_property PROBES.FILE {} [get_hw_devices xc7a35t_0]
set_property FULL_PROBES.FILE {} [get_hw_devices xc7a35t_0]
set_property PROGRAM.FILE {C:/Users/Aidan/Documents/vivado/ProjectLabUno/miniProject1_PL1.runs/impl_1/miniProjectSource.bit} [get_hw_devices xc7a35t_0]
program_hw_devices [get_hw_devices xc7a35t_0]
INFO: [Labtools 27-3164] End of startup status: HIGH
refresh_hw_device [lindex [get_hw_devices xc7a35t_0] 0]
INFO: [Labtools 27-1434] Device xc7a35t (JTAG device index = 0) is programmed with a design that has no supported debug core(s) in it.
reset_run synth_1
launch_runs synth_1 -jobs 4
[Thu Feb  4 23:03:51 2021] Launched synth_1...
Run output will be captured here: C:/Users/Aidan/Documents/vivado/ProjectLabUno/miniProject1_PL1.runs/synth_1/runme.log
launch_runs impl_1 -jobs 4
[Thu Feb  4 23:04:32 2021] Launched impl_1...
Run output will be captured here: C:/Users/Aidan/Documents/vivado/ProjectLabUno/miniProject1_PL1.runs/impl_1/runme.log
launch_runs impl_1 -to_step write_bitstream -jobs 4
[Thu Feb  4 23:05:35 2021] Launched impl_1...
Run output will be captured here: C:/Users/Aidan/Documents/vivado/ProjectLabUno/miniProject1_PL1.runs/impl_1/runme.log
set_property PROBES.FILE {} [get_hw_devices xc7a35t_0]
set_property FULL_PROBES.FILE {} [get_hw_devices xc7a35t_0]
set_property PROGRAM.FILE {C:/Users/Aidan/Documents/vivado/ProjectLabUno/miniProject1_PL1.runs/impl_1/miniProjectSource.bit} [get_hw_devices xc7a35t_0]
program_hw_devices [get_hw_devices xc7a35t_0]
INFO: [Labtools 27-3164] End of startup status: HIGH
refresh_hw_device [lindex [get_hw_devices xc7a35t_0] 0]
INFO: [Labtools 27-1434] Device xc7a35t (JTAG device index = 0) is programmed with a design that has no supported debug core(s) in it.
reset_run synth_1
launch_runs synth_1 -jobs 4
[Thu Feb  4 23:18:31 2021] Launched synth_1...
Run output will be captured here: C:/Users/Aidan/Documents/vivado/ProjectLabUno/miniProject1_PL1.runs/synth_1/runme.log
launch_runs impl_1 -jobs 4
[Thu Feb  4 23:19:13 2021] Launched impl_1...
Run output will be captured here: C:/Users/Aidan/Documents/vivado/ProjectLabUno/miniProject1_PL1.runs/impl_1/runme.log
launch_runs impl_1 -to_step write_bitstream -jobs 4
[Thu Feb  4 23:20:20 2021] Launched impl_1...
Run output will be captured here: C:/Users/Aidan/Documents/vivado/ProjectLabUno/miniProject1_PL1.runs/impl_1/runme.log
set_property PROBES.FILE {} [get_hw_devices xc7a35t_0]
set_property FULL_PROBES.FILE {} [get_hw_devices xc7a35t_0]
set_property PROGRAM.FILE {C:/Users/Aidan/Documents/vivado/ProjectLabUno/miniProject1_PL1.runs/impl_1/miniProjectSource.bit} [get_hw_devices xc7a35t_0]
program_hw_devices [get_hw_devices xc7a35t_0]
INFO: [Labtools 27-3164] End of startup status: HIGH
refresh_hw_device [lindex [get_hw_devices xc7a35t_0] 0]
INFO: [Labtools 27-1434] Device xc7a35t (JTAG device index = 0) is programmed with a design that has no supported debug core(s) in it.
reset_run synth_1
launch_runs synth_1 -jobs 4
[Thu Feb  4 23:27:37 2021] Launched synth_1...
Run output will be captured here: C:/Users/Aidan/Documents/vivado/ProjectLabUno/miniProject1_PL1.runs/synth_1/runme.log
launch_runs impl_1 -jobs 4
[Thu Feb  4 23:28:26 2021] Launched impl_1...
Run output will be captured here: C:/Users/Aidan/Documents/vivado/ProjectLabUno/miniProject1_PL1.runs/impl_1/runme.log
launch_runs impl_1 -to_step write_bitstream -jobs 4
[Thu Feb  4 23:30:01 2021] Launched impl_1...
Run output will be captured here: C:/Users/Aidan/Documents/vivado/ProjectLabUno/miniProject1_PL1.runs/impl_1/runme.log
set_property PROBES.FILE {} [get_hw_devices xc7a35t_0]
set_property FULL_PROBES.FILE {} [get_hw_devices xc7a35t_0]
set_property PROGRAM.FILE {C:/Users/Aidan/Documents/vivado/ProjectLabUno/miniProject1_PL1.runs/impl_1/miniProjectSource.bit} [get_hw_devices xc7a35t_0]
program_hw_devices [get_hw_devices xc7a35t_0]
INFO: [Labtools 27-3164] End of startup status: HIGH
refresh_hw_device [lindex [get_hw_devices xc7a35t_0] 0]
INFO: [Labtools 27-1434] Device xc7a35t (JTAG device index = 0) is programmed with a design that has no supported debug core(s) in it.
reset_run synth_1
launch_runs synth_1 -jobs 4
[Thu Feb  4 23:37:52 2021] Launched synth_1...
Run output will be captured here: C:/Users/Aidan/Documents/vivado/ProjectLabUno/miniProject1_PL1.runs/synth_1/runme.log
reset_run synth_1
launch_runs synth_1 -jobs 4
[Thu Feb  4 23:38:28 2021] Launched synth_1...
Run output will be captured here: C:/Users/Aidan/Documents/vivado/ProjectLabUno/miniProject1_PL1.runs/synth_1/runme.log
launch_runs impl_1 -jobs 4
[Thu Feb  4 23:39:16 2021] Launched impl_1...
Run output will be captured here: C:/Users/Aidan/Documents/vivado/ProjectLabUno/miniProject1_PL1.runs/impl_1/runme.log
launch_runs impl_1 -to_step write_bitstream -jobs 4
[Thu Feb  4 23:40:16 2021] Launched impl_1...
Run output will be captured here: C:/Users/Aidan/Documents/vivado/ProjectLabUno/miniProject1_PL1.runs/impl_1/runme.log
set_property PROBES.FILE {} [get_hw_devices xc7a35t_0]
set_property FULL_PROBES.FILE {} [get_hw_devices xc7a35t_0]
set_property PROGRAM.FILE {C:/Users/Aidan/Documents/vivado/ProjectLabUno/miniProject1_PL1.runs/impl_1/miniProjectSource.bit} [get_hw_devices xc7a35t_0]
program_hw_devices [get_hw_devices xc7a35t_0]
INFO: [Labtools 27-3164] End of startup status: HIGH
refresh_hw_device [lindex [get_hw_devices xc7a35t_0] 0]
INFO: [Labtools 27-1434] Device xc7a35t (JTAG device index = 0) is programmed with a design that has no supported debug core(s) in it.
reset_run synth_1
launch_runs synth_1 -jobs 4
[Thu Feb  4 23:53:05 2021] Launched synth_1...
Run output will be captured here: C:/Users/Aidan/Documents/vivado/ProjectLabUno/miniProject1_PL1.runs/synth_1/runme.log
launch_runs impl_1 -jobs 4
[Thu Feb  4 23:54:12 2021] Launched impl_1...
Run output will be captured here: C:/Users/Aidan/Documents/vivado/ProjectLabUno/miniProject1_PL1.runs/impl_1/runme.log
reset_run impl_1
reset_run synth_1
launch_runs impl_1 -to_step write_bitstream -jobs 4
[Thu Feb  4 23:56:38 2021] Launched synth_1...
Run output will be captured here: C:/Users/Aidan/Documents/vivado/ProjectLabUno/miniProject1_PL1.runs/synth_1/runme.log
[Thu Feb  4 23:56:38 2021] Launched impl_1...
Run output will be captured here: C:/Users/Aidan/Documents/vivado/ProjectLabUno/miniProject1_PL1.runs/impl_1/runme.log
reset_run synth_1
launch_runs synth_1 -jobs 4
[Thu Feb  4 23:59:47 2021] Launched synth_1...
Run output will be captured here: C:/Users/Aidan/Documents/vivado/ProjectLabUno/miniProject1_PL1.runs/synth_1/runme.log
launch_runs impl_1 -jobs 4
[Fri Feb  5 00:00:36 2021] Launched impl_1...
Run output will be captured here: C:/Users/Aidan/Documents/vivado/ProjectLabUno/miniProject1_PL1.runs/impl_1/runme.log
exit
INFO: [Common 17-206] Exiting Vivado at Fri Feb  5 00:01:58 2021...
