
*** Running vivado
    with args -log miniProjectSource.vds -m64 -product Vivado -mode batch -messageDb vivado.pb -notrace -source miniProjectSource.tcl



****** Vivado v2020.2 (64-bit)
  **** SW Build 3064766 on Wed Nov 18 09:12:45 MST 2020
  **** IP Build 3064653 on Wed Nov 18 14:17:31 MST 2020
    ** Copyright 1986-2020 Xilinx, Inc. All Rights Reserved.

source miniProjectSource.tcl -notrace
Command: synth_design -top miniProjectSource -part xc7a35ticpg236-1L
Starting synth_design
Attempting to get a license for feature 'Synthesis' and/or device 'xc7a35ti'
INFO: [Common 17-349] Got license for feature 'Synthesis' and/or device 'xc7a35ti'
INFO: [Device 21-403] Loading part xc7a35ticpg236-1L
INFO: [Synth 8-7079] Multithreading enabled for synth_design using a maximum of 2 processes.
INFO: [Synth 8-7078] Launching helper process for spawning children vivado processes
INFO: [Synth 8-7075] Helper process launched with PID 6916
WARNING: [Synth 8-6901] identifier 'count' is used before its declaration [D:/GitHub/ProjectLabUno/miniProject1_PL1.srcs/sources_1/new/miniProjectSource.v:92]
WARNING: [Synth 8-6901] identifier 'count' is used before its declaration [D:/GitHub/ProjectLabUno/miniProject1_PL1.srcs/sources_1/new/miniProjectSource.v:93]
WARNING: [Synth 8-6901] identifier 'count' is used before its declaration [D:/GitHub/ProjectLabUno/miniProject1_PL1.srcs/sources_1/new/miniProjectSource.v:95]
WARNING: [Synth 8-6901] identifier 'count' is used before its declaration [D:/GitHub/ProjectLabUno/miniProject1_PL1.srcs/sources_1/new/miniProjectSource.v:95]
---------------------------------------------------------------------------------
Starting RTL Elaboration : Time (s): cpu = 00:00:03 ; elapsed = 00:00:04 . Memory (MB): peak = 1018.531 ; gain = 0.000
---------------------------------------------------------------------------------
INFO: [Synth 8-6157] synthesizing module 'miniProjectSource' [D:/GitHub/ProjectLabUno/miniProject1_PL1.srcs/sources_1/new/miniProjectSource.v:31]
	Parameter N bound to: 18 - type: integer 
INFO: [Synth 8-6155] done synthesizing module 'miniProjectSource' (1#1) [D:/GitHub/ProjectLabUno/miniProject1_PL1.srcs/sources_1/new/miniProjectSource.v:31]
---------------------------------------------------------------------------------
Finished RTL Elaboration : Time (s): cpu = 00:00:04 ; elapsed = 00:00:05 . Memory (MB): peak = 1018.531 ; gain = 0.000
---------------------------------------------------------------------------------
---------------------------------------------------------------------------------
Start Handling Custom Attributes
---------------------------------------------------------------------------------
---------------------------------------------------------------------------------
Finished Handling Custom Attributes : Time (s): cpu = 00:00:05 ; elapsed = 00:00:05 . Memory (MB): peak = 1018.531 ; gain = 0.000
---------------------------------------------------------------------------------
---------------------------------------------------------------------------------
Finished RTL Optimization Phase 1 : Time (s): cpu = 00:00:05 ; elapsed = 00:00:05 . Memory (MB): peak = 1018.531 ; gain = 0.000
---------------------------------------------------------------------------------
Netlist sorting complete. Time (s): cpu = 00:00:00 ; elapsed = 00:00:00.004 . Memory (MB): peak = 1018.531 ; gain = 0.000
INFO: [Project 1-570] Preparing netlist for logic optimization

Processing XDC Constraints
Initializing timing engine
Parsing XDC File [D:/GitHub/ProjectLabUno/miniProject1_PL1.srcs/constrs_1/new/Basys3_Master.xdc]
WARNING: [Vivado 12-584] No ports matched 'LED[0]'. [D:/GitHub/ProjectLabUno/miniProject1_PL1.srcs/constrs_1/new/Basys3_Master.xdc:47]
CRITICAL WARNING: [Common 17-55] 'set_property' expects at least one object. [D:/GitHub/ProjectLabUno/miniProject1_PL1.srcs/constrs_1/new/Basys3_Master.xdc:47]
Resolution: If [get_<value>] was used to populate the object, check to make sure this command returns at least one valid object.
WARNING: [Vivado 12-584] No ports matched 'LED[0]'. [D:/GitHub/ProjectLabUno/miniProject1_PL1.srcs/constrs_1/new/Basys3_Master.xdc:48]
CRITICAL WARNING: [Common 17-55] 'set_property' expects at least one object. [D:/GitHub/ProjectLabUno/miniProject1_PL1.srcs/constrs_1/new/Basys3_Master.xdc:48]
Resolution: If [get_<value>] was used to populate the object, check to make sure this command returns at least one valid object.
WARNING: [Vivado 12-584] No ports matched 'LED[1]'. [D:/GitHub/ProjectLabUno/miniProject1_PL1.srcs/constrs_1/new/Basys3_Master.xdc:49]
CRITICAL WARNING: [Common 17-55] 'set_property' expects at least one object. [D:/GitHub/ProjectLabUno/miniProject1_PL1.srcs/constrs_1/new/Basys3_Master.xdc:49]
Resolution: If [get_<value>] was used to populate the object, check to make sure this command returns at least one valid object.
WARNING: [Vivado 12-584] No ports matched 'LED[1]'. [D:/GitHub/ProjectLabUno/miniProject1_PL1.srcs/constrs_1/new/Basys3_Master.xdc:50]
CRITICAL WARNING: [Common 17-55] 'set_property' expects at least one object. [D:/GitHub/ProjectLabUno/miniProject1_PL1.srcs/constrs_1/new/Basys3_Master.xdc:50]
Resolution: If [get_<value>] was used to populate the object, check to make sure this command returns at least one valid object.
WARNING: [Vivado 12-584] No ports matched 'LED[2]'. [D:/GitHub/ProjectLabUno/miniProject1_PL1.srcs/constrs_1/new/Basys3_Master.xdc:51]
CRITICAL WARNING: [Common 17-55] 'set_property' expects at least one object. [D:/GitHub/ProjectLabUno/miniProject1_PL1.srcs/constrs_1/new/Basys3_Master.xdc:51]
Resolution: If [get_<value>] was used to populate the object, check to make sure this command returns at least one valid object.
WARNING: [Vivado 12-584] No ports matched 'LED[2]'. [D:/GitHub/ProjectLabUno/miniProject1_PL1.srcs/constrs_1/new/Basys3_Master.xdc:52]
CRITICAL WARNING: [Common 17-55] 'set_property' expects at least one object. [D:/GitHub/ProjectLabUno/miniProject1_PL1.srcs/constrs_1/new/Basys3_Master.xdc:52]
Resolution: If [get_<value>] was used to populate the object, check to make sure this command returns at least one valid object.
WARNING: [Vivado 12-584] No ports matched 'LED[3]'. [D:/GitHub/ProjectLabUno/miniProject1_PL1.srcs/constrs_1/new/Basys3_Master.xdc:53]
CRITICAL WARNING: [Common 17-55] 'set_property' expects at least one object. [D:/GitHub/ProjectLabUno/miniProject1_PL1.srcs/constrs_1/new/Basys3_Master.xdc:53]
Resolution: If [get_<value>] was used to populate the object, check to make sure this command returns at least one valid object.
WARNING: [Vivado 12-584] No ports matched 'LED[3]'. [D:/GitHub/ProjectLabUno/miniProject1_PL1.srcs/constrs_1/new/Basys3_Master.xdc:54]
CRITICAL WARNING: [Common 17-55] 'set_property' expects at least one object. [D:/GitHub/ProjectLabUno/miniProject1_PL1.srcs/constrs_1/new/Basys3_Master.xdc:54]
Resolution: If [get_<value>] was used to populate the object, check to make sure this command returns at least one valid object.
WARNING: [Vivado 12-584] No ports matched 'LED[4]'. [D:/GitHub/ProjectLabUno/miniProject1_PL1.srcs/constrs_1/new/Basys3_Master.xdc:55]
CRITICAL WARNING: [Common 17-55] 'set_property' expects at least one object. [D:/GitHub/ProjectLabUno/miniProject1_PL1.srcs/constrs_1/new/Basys3_Master.xdc:55]
Resolution: If [get_<value>] was used to populate the object, check to make sure this command returns at least one valid object.
WARNING: [Vivado 12-584] No ports matched 'LED[4]'. [D:/GitHub/ProjectLabUno/miniProject1_PL1.srcs/constrs_1/new/Basys3_Master.xdc:56]
CRITICAL WARNING: [Common 17-55] 'set_property' expects at least one object. [D:/GitHub/ProjectLabUno/miniProject1_PL1.srcs/constrs_1/new/Basys3_Master.xdc:56]
Resolution: If [get_<value>] was used to populate the object, check to make sure this command returns at least one valid object.
WARNING: [Vivado 12-584] No ports matched 'LED[5]'. [D:/GitHub/ProjectLabUno/miniProject1_PL1.srcs/constrs_1/new/Basys3_Master.xdc:57]
CRITICAL WARNING: [Common 17-55] 'set_property' expects at least one object. [D:/GitHub/ProjectLabUno/miniProject1_PL1.srcs/constrs_1/new/Basys3_Master.xdc:57]
Resolution: If [get_<value>] was used to populate the object, check to make sure this command returns at least one valid object.
WARNING: [Vivado 12-584] No ports matched 'LED[5]'. [D:/GitHub/ProjectLabUno/miniProject1_PL1.srcs/constrs_1/new/Basys3_Master.xdc:58]
CRITICAL WARNING: [Common 17-55] 'set_property' expects at least one object. [D:/GitHub/ProjectLabUno/miniProject1_PL1.srcs/constrs_1/new/Basys3_Master.xdc:58]
Resolution: If [get_<value>] was used to populate the object, check to make sure this command returns at least one valid object.
WARNING: [Vivado 12-584] No ports matched 'LED[6]'. [D:/GitHub/ProjectLabUno/miniProject1_PL1.srcs/constrs_1/new/Basys3_Master.xdc:59]
CRITICAL WARNING: [Common 17-55] 'set_property' expects at least one object. [D:/GitHub/ProjectLabUno/miniProject1_PL1.srcs/constrs_1/new/Basys3_Master.xdc:59]
Resolution: If [get_<value>] was used to populate the object, check to make sure this command returns at least one valid object.
WARNING: [Vivado 12-584] No ports matched 'LED[6]'. [D:/GitHub/ProjectLabUno/miniProject1_PL1.srcs/constrs_1/new/Basys3_Master.xdc:60]
CRITICAL WARNING: [Common 17-55] 'set_property' expects at least one object. [D:/GitHub/ProjectLabUno/miniProject1_PL1.srcs/constrs_1/new/Basys3_Master.xdc:60]
Resolution: If [get_<value>] was used to populate the object, check to make sure this command returns at least one valid object.
WARNING: [Vivado 12-584] No ports matched 'LED[7]'. [D:/GitHub/ProjectLabUno/miniProject1_PL1.srcs/constrs_1/new/Basys3_Master.xdc:61]
CRITICAL WARNING: [Common 17-55] 'set_property' expects at least one object. [D:/GitHub/ProjectLabUno/miniProject1_PL1.srcs/constrs_1/new/Basys3_Master.xdc:61]
Resolution: If [get_<value>] was used to populate the object, check to make sure this command returns at least one valid object.
WARNING: [Vivado 12-584] No ports matched 'LED[7]'. [D:/GitHub/ProjectLabUno/miniProject1_PL1.srcs/constrs_1/new/Basys3_Master.xdc:62]
CRITICAL WARNING: [Common 17-55] 'set_property' expects at least one object. [D:/GitHub/ProjectLabUno/miniProject1_PL1.srcs/constrs_1/new/Basys3_Master.xdc:62]
Resolution: If [get_<value>] was used to populate the object, check to make sure this command returns at least one valid object.
WARNING: [Vivado 12-584] No ports matched 'LED[8]'. [D:/GitHub/ProjectLabUno/miniProject1_PL1.srcs/constrs_1/new/Basys3_Master.xdc:63]
CRITICAL WARNING: [Common 17-55] 'set_property' expects at least one object. [D:/GitHub/ProjectLabUno/miniProject1_PL1.srcs/constrs_1/new/Basys3_Master.xdc:63]
Resolution: If [get_<value>] was used to populate the object, check to make sure this command returns at least one valid object.
WARNING: [Vivado 12-584] No ports matched 'LED[8]'. [D:/GitHub/ProjectLabUno/miniProject1_PL1.srcs/constrs_1/new/Basys3_Master.xdc:64]
CRITICAL WARNING: [Common 17-55] 'set_property' expects at least one object. [D:/GitHub/ProjectLabUno/miniProject1_PL1.srcs/constrs_1/new/Basys3_Master.xdc:64]
Resolution: If [get_<value>] was used to populate the object, check to make sure this command returns at least one valid object.
WARNING: [Vivado 12-584] No ports matched 'LED[9]'. [D:/GitHub/ProjectLabUno/miniProject1_PL1.srcs/constrs_1/new/Basys3_Master.xdc:65]
CRITICAL WARNING: [Common 17-55] 'set_property' expects at least one object. [D:/GitHub/ProjectLabUno/miniProject1_PL1.srcs/constrs_1/new/Basys3_Master.xdc:65]
Resolution: If [get_<value>] was used to populate the object, check to make sure this command returns at least one valid object.
WARNING: [Vivado 12-584] No ports matched 'LED[9]'. [D:/GitHub/ProjectLabUno/miniProject1_PL1.srcs/constrs_1/new/Basys3_Master.xdc:66]
CRITICAL WARNING: [Common 17-55] 'set_property' expects at least one object. [D:/GitHub/ProjectLabUno/miniProject1_PL1.srcs/constrs_1/new/Basys3_Master.xdc:66]
Resolution: If [get_<value>] was used to populate the object, check to make sure this command returns at least one valid object.
WARNING: [Vivado 12-584] No ports matched 'LED[10]'. [D:/GitHub/ProjectLabUno/miniProject1_PL1.srcs/constrs_1/new/Basys3_Master.xdc:67]
CRITICAL WARNING: [Common 17-55] 'set_property' expects at least one object. [D:/GitHub/ProjectLabUno/miniProject1_PL1.srcs/constrs_1/new/Basys3_Master.xdc:67]
Resolution: If [get_<value>] was used to populate the object, check to make sure this command returns at least one valid object.
WARNING: [Vivado 12-584] No ports matched 'LED[10]'. [D:/GitHub/ProjectLabUno/miniProject1_PL1.srcs/constrs_1/new/Basys3_Master.xdc:68]
CRITICAL WARNING: [Common 17-55] 'set_property' expects at least one object. [D:/GitHub/ProjectLabUno/miniProject1_PL1.srcs/constrs_1/new/Basys3_Master.xdc:68]
Resolution: If [get_<value>] was used to populate the object, check to make sure this command returns at least one valid object.
WARNING: [Vivado 12-584] No ports matched 'LED[11]'. [D:/GitHub/ProjectLabUno/miniProject1_PL1.srcs/constrs_1/new/Basys3_Master.xdc:69]
CRITICAL WARNING: [Common 17-55] 'set_property' expects at least one object. [D:/GitHub/ProjectLabUno/miniProject1_PL1.srcs/constrs_1/new/Basys3_Master.xdc:69]
Resolution: If [get_<value>] was used to populate the object, check to make sure this command returns at least one valid object.
WARNING: [Vivado 12-584] No ports matched 'LED[11]'. [D:/GitHub/ProjectLabUno/miniProject1_PL1.srcs/constrs_1/new/Basys3_Master.xdc:70]
CRITICAL WARNING: [Common 17-55] 'set_property' expects at least one object. [D:/GitHub/ProjectLabUno/miniProject1_PL1.srcs/constrs_1/new/Basys3_Master.xdc:70]
Resolution: If [get_<value>] was used to populate the object, check to make sure this command returns at least one valid object.
WARNING: [Vivado 12-584] No ports matched 'LED[12]'. [D:/GitHub/ProjectLabUno/miniProject1_PL1.srcs/constrs_1/new/Basys3_Master.xdc:71]
CRITICAL WARNING: [Common 17-55] 'set_property' expects at least one object. [D:/GitHub/ProjectLabUno/miniProject1_PL1.srcs/constrs_1/new/Basys3_Master.xdc:71]
Resolution: If [get_<value>] was used to populate the object, check to make sure this command returns at least one valid object.
WARNING: [Vivado 12-584] No ports matched 'LED[12]'. [D:/GitHub/ProjectLabUno/miniProject1_PL1.srcs/constrs_1/new/Basys3_Master.xdc:72]
CRITICAL WARNING: [Common 17-55] 'set_property' expects at least one object. [D:/GitHub/ProjectLabUno/miniProject1_PL1.srcs/constrs_1/new/Basys3_Master.xdc:72]
Resolution: If [get_<value>] was used to populate the object, check to make sure this command returns at least one valid object.
WARNING: [Vivado 12-584] No ports matched 'LED[13]'. [D:/GitHub/ProjectLabUno/miniProject1_PL1.srcs/constrs_1/new/Basys3_Master.xdc:73]
CRITICAL WARNING: [Common 17-55] 'set_property' expects at least one object. [D:/GitHub/ProjectLabUno/miniProject1_PL1.srcs/constrs_1/new/Basys3_Master.xdc:73]
Resolution: If [get_<value>] was used to populate the object, check to make sure this command returns at least one valid object.
WARNING: [Vivado 12-584] No ports matched 'LED[13]'. [D:/GitHub/ProjectLabUno/miniProject1_PL1.srcs/constrs_1/new/Basys3_Master.xdc:74]
CRITICAL WARNING: [Common 17-55] 'set_property' expects at least one object. [D:/GitHub/ProjectLabUno/miniProject1_PL1.srcs/constrs_1/new/Basys3_Master.xdc:74]
Resolution: If [get_<value>] was used to populate the object, check to make sure this command returns at least one valid object.
WARNING: [Vivado 12-584] No ports matched 'LED[14]'. [D:/GitHub/ProjectLabUno/miniProject1_PL1.srcs/constrs_1/new/Basys3_Master.xdc:75]
CRITICAL WARNING: [Common 17-55] 'set_property' expects at least one object. [D:/GitHub/ProjectLabUno/miniProject1_PL1.srcs/constrs_1/new/Basys3_Master.xdc:75]
Resolution: If [get_<value>] was used to populate the object, check to make sure this command returns at least one valid object.
WARNING: [Vivado 12-584] No ports matched 'LED[14]'. [D:/GitHub/ProjectLabUno/miniProject1_PL1.srcs/constrs_1/new/Basys3_Master.xdc:76]
CRITICAL WARNING: [Common 17-55] 'set_property' expects at least one object. [D:/GitHub/ProjectLabUno/miniProject1_PL1.srcs/constrs_1/new/Basys3_Master.xdc:76]
Resolution: If [get_<value>] was used to populate the object, check to make sure this command returns at least one valid object.
WARNING: [Vivado 12-584] No ports matched 'LED[15]'. [D:/GitHub/ProjectLabUno/miniProject1_PL1.srcs/constrs_1/new/Basys3_Master.xdc:77]
CRITICAL WARNING: [Common 17-55] 'set_property' expects at least one object. [D:/GitHub/ProjectLabUno/miniProject1_PL1.srcs/constrs_1/new/Basys3_Master.xdc:77]
Resolution: If [get_<value>] was used to populate the object, check to make sure this command returns at least one valid object.
WARNING: [Vivado 12-584] No ports matched 'LED[15]'. [D:/GitHub/ProjectLabUno/miniProject1_PL1.srcs/constrs_1/new/Basys3_Master.xdc:78]
CRITICAL WARNING: [Common 17-55] 'set_property' expects at least one object. [D:/GitHub/ProjectLabUno/miniProject1_PL1.srcs/constrs_1/new/Basys3_Master.xdc:78]
Resolution: If [get_<value>] was used to populate the object, check to make sure this command returns at least one valid object.
WARNING: [Vivado 12-584] No ports matched 'vauxp6'. [D:/GitHub/ProjectLabUno/miniProject1_PL1.srcs/constrs_1/new/Basys3_Master.xdc:215]
CRITICAL WARNING: [Common 17-55] 'set_property' expects at least one object. [D:/GitHub/ProjectLabUno/miniProject1_PL1.srcs/constrs_1/new/Basys3_Master.xdc:215]
Resolution: If [get_<value>] was used to populate the object, check to make sure this command returns at least one valid object.
WARNING: [Vivado 12-584] No ports matched 'vauxp6'. [D:/GitHub/ProjectLabUno/miniProject1_PL1.srcs/constrs_1/new/Basys3_Master.xdc:216]
CRITICAL WARNING: [Common 17-55] 'set_property' expects at least one object. [D:/GitHub/ProjectLabUno/miniProject1_PL1.srcs/constrs_1/new/Basys3_Master.xdc:216]
Resolution: If [get_<value>] was used to populate the object, check to make sure this command returns at least one valid object.
WARNING: [Vivado 12-584] No ports matched 'vauxp14'. [D:/GitHub/ProjectLabUno/miniProject1_PL1.srcs/constrs_1/new/Basys3_Master.xdc:218]
CRITICAL WARNING: [Common 17-55] 'set_property' expects at least one object. [D:/GitHub/ProjectLabUno/miniProject1_PL1.srcs/constrs_1/new/Basys3_Master.xdc:218]
Resolution: If [get_<value>] was used to populate the object, check to make sure this command returns at least one valid object.
WARNING: [Vivado 12-584] No ports matched 'vauxp14'. [D:/GitHub/ProjectLabUno/miniProject1_PL1.srcs/constrs_1/new/Basys3_Master.xdc:219]
CRITICAL WARNING: [Common 17-55] 'set_property' expects at least one object. [D:/GitHub/ProjectLabUno/miniProject1_PL1.srcs/constrs_1/new/Basys3_Master.xdc:219]
Resolution: If [get_<value>] was used to populate the object, check to make sure this command returns at least one valid object.
WARNING: [Vivado 12-584] No ports matched 'vauxp7'. [D:/GitHub/ProjectLabUno/miniProject1_PL1.srcs/constrs_1/new/Basys3_Master.xdc:221]
CRITICAL WARNING: [Common 17-55] 'set_property' expects at least one object. [D:/GitHub/ProjectLabUno/miniProject1_PL1.srcs/constrs_1/new/Basys3_Master.xdc:221]
Resolution: If [get_<value>] was used to populate the object, check to make sure this command returns at least one valid object.
WARNING: [Vivado 12-584] No ports matched 'vauxp7'. [D:/GitHub/ProjectLabUno/miniProject1_PL1.srcs/constrs_1/new/Basys3_Master.xdc:222]
CRITICAL WARNING: [Common 17-55] 'set_property' expects at least one object. [D:/GitHub/ProjectLabUno/miniProject1_PL1.srcs/constrs_1/new/Basys3_Master.xdc:222]
Resolution: If [get_<value>] was used to populate the object, check to make sure this command returns at least one valid object.
WARNING: [Vivado 12-584] No ports matched 'vauxp15'. [D:/GitHub/ProjectLabUno/miniProject1_PL1.srcs/constrs_1/new/Basys3_Master.xdc:224]
CRITICAL WARNING: [Common 17-55] 'set_property' expects at least one object. [D:/GitHub/ProjectLabUno/miniProject1_PL1.srcs/constrs_1/new/Basys3_Master.xdc:224]
Resolution: If [get_<value>] was used to populate the object, check to make sure this command returns at least one valid object.
WARNING: [Vivado 12-584] No ports matched 'vauxp15'. [D:/GitHub/ProjectLabUno/miniProject1_PL1.srcs/constrs_1/new/Basys3_Master.xdc:225]
CRITICAL WARNING: [Common 17-55] 'set_property' expects at least one object. [D:/GitHub/ProjectLabUno/miniProject1_PL1.srcs/constrs_1/new/Basys3_Master.xdc:225]
Resolution: If [get_<value>] was used to populate the object, check to make sure this command returns at least one valid object.
WARNING: [Vivado 12-584] No ports matched 'vauxn6'. [D:/GitHub/ProjectLabUno/miniProject1_PL1.srcs/constrs_1/new/Basys3_Master.xdc:227]
CRITICAL WARNING: [Common 17-55] 'set_property' expects at least one object. [D:/GitHub/ProjectLabUno/miniProject1_PL1.srcs/constrs_1/new/Basys3_Master.xdc:227]
Resolution: If [get_<value>] was used to populate the object, check to make sure this command returns at least one valid object.
WARNING: [Vivado 12-584] No ports matched 'vauxn6'. [D:/GitHub/ProjectLabUno/miniProject1_PL1.srcs/constrs_1/new/Basys3_Master.xdc:228]
CRITICAL WARNING: [Common 17-55] 'set_property' expects at least one object. [D:/GitHub/ProjectLabUno/miniProject1_PL1.srcs/constrs_1/new/Basys3_Master.xdc:228]
Resolution: If [get_<value>] was used to populate the object, check to make sure this command returns at least one valid object.
WARNING: [Vivado 12-584] No ports matched 'vauxn14'. [D:/GitHub/ProjectLabUno/miniProject1_PL1.srcs/constrs_1/new/Basys3_Master.xdc:230]
CRITICAL WARNING: [Common 17-55] 'set_property' expects at least one object. [D:/GitHub/ProjectLabUno/miniProject1_PL1.srcs/constrs_1/new/Basys3_Master.xdc:230]
Resolution: If [get_<value>] was used to populate the object, check to make sure this command returns at least one valid object.
WARNING: [Vivado 12-584] No ports matched 'vauxn14'. [D:/GitHub/ProjectLabUno/miniProject1_PL1.srcs/constrs_1/new/Basys3_Master.xdc:231]
CRITICAL WARNING: [Common 17-55] 'set_property' expects at least one object. [D:/GitHub/ProjectLabUno/miniProject1_PL1.srcs/constrs_1/new/Basys3_Master.xdc:231]
Resolution: If [get_<value>] was used to populate the object, check to make sure this command returns at least one valid object.
WARNING: [Vivado 12-584] No ports matched 'vauxn7'. [D:/GitHub/ProjectLabUno/miniProject1_PL1.srcs/constrs_1/new/Basys3_Master.xdc:233]
CRITICAL WARNING: [Common 17-55] 'set_property' expects at least one object. [D:/GitHub/ProjectLabUno/miniProject1_PL1.srcs/constrs_1/new/Basys3_Master.xdc:233]
Resolution: If [get_<value>] was used to populate the object, check to make sure this command returns at least one valid object.
WARNING: [Vivado 12-584] No ports matched 'vauxn7'. [D:/GitHub/ProjectLabUno/miniProject1_PL1.srcs/constrs_1/new/Basys3_Master.xdc:234]
CRITICAL WARNING: [Common 17-55] 'set_property' expects at least one object. [D:/GitHub/ProjectLabUno/miniProject1_PL1.srcs/constrs_1/new/Basys3_Master.xdc:234]
Resolution: If [get_<value>] was used to populate the object, check to make sure this command returns at least one valid object.
WARNING: [Vivado 12-584] No ports matched 'vauxn15'. [D:/GitHub/ProjectLabUno/miniProject1_PL1.srcs/constrs_1/new/Basys3_Master.xdc:236]
CRITICAL WARNING: [Common 17-55] 'set_property' expects at least one object. [D:/GitHub/ProjectLabUno/miniProject1_PL1.srcs/constrs_1/new/Basys3_Master.xdc:236]
Resolution: If [get_<value>] was used to populate the object, check to make sure this command returns at least one valid object.
WARNING: [Vivado 12-584] No ports matched 'vauxn15'. [D:/GitHub/ProjectLabUno/miniProject1_PL1.srcs/constrs_1/new/Basys3_Master.xdc:237]
CRITICAL WARNING: [Common 17-55] 'set_property' expects at least one object. [D:/GitHub/ProjectLabUno/miniProject1_PL1.srcs/constrs_1/new/Basys3_Master.xdc:237]
Resolution: If [get_<value>] was used to populate the object, check to make sure this command returns at least one valid object.
Finished Parsing XDC File [D:/GitHub/ProjectLabUno/miniProject1_PL1.srcs/constrs_1/new/Basys3_Master.xdc]
INFO: [Project 1-236] Implementation specific constraints were found while reading constraint file [D:/GitHub/ProjectLabUno/miniProject1_PL1.srcs/constrs_1/new/Basys3_Master.xdc]. These constraints will be ignored for synthesis but will be used in implementation. Impacted constraints are listed in the file [.Xil/miniProjectSource_propImpl.xdc].
Resolution: To avoid this warning, move constraints listed in [.Xil/miniProjectSource_propImpl.xdc] to another XDC file and exclude this new file from synthesis with the used_in_synthesis property (File Properties dialog in GUI) and re-run elaboration/synthesis.
Completed Processing XDC Constraints

Netlist sorting complete. Time (s): cpu = 00:00:00 ; elapsed = 00:00:00 . Memory (MB): peak = 1034.930 ; gain = 0.000
INFO: [Project 1-111] Unisim Transformation Summary:
No Unisim elements were transformed.

Constraint Validation Runtime : Time (s): cpu = 00:00:00 ; elapsed = 00:00:00.002 . Memory (MB): peak = 1034.930 ; gain = 0.000
---------------------------------------------------------------------------------
Finished Constraint Validation : Time (s): cpu = 00:00:10 ; elapsed = 00:00:11 . Memory (MB): peak = 1034.930 ; gain = 16.398
---------------------------------------------------------------------------------
---------------------------------------------------------------------------------
Start Loading Part and Timing Information
---------------------------------------------------------------------------------
Loading part: xc7a35ticpg236-1L
---------------------------------------------------------------------------------
Finished Loading Part and Timing Information : Time (s): cpu = 00:00:10 ; elapsed = 00:00:11 . Memory (MB): peak = 1034.930 ; gain = 16.398
---------------------------------------------------------------------------------
---------------------------------------------------------------------------------
Start Applying 'set_property' XDC Constraints
---------------------------------------------------------------------------------
---------------------------------------------------------------------------------
Finished applying 'set_property' XDC Constraints : Time (s): cpu = 00:00:10 ; elapsed = 00:00:11 . Memory (MB): peak = 1034.930 ; gain = 16.398
---------------------------------------------------------------------------------
---------------------------------------------------------------------------------
Finished RTL Optimization Phase 2 : Time (s): cpu = 00:00:10 ; elapsed = 00:00:11 . Memory (MB): peak = 1034.930 ; gain = 16.398
---------------------------------------------------------------------------------
---------------------------------------------------------------------------------
Start RTL Component Statistics 
---------------------------------------------------------------------------------
Detailed RTL Component Info : 
+---Adders : 
	   2 Input   28 Bit       Adders := 1     
	   4 Input    3 Bit       Adders := 1     
+---Registers : 
	               32 Bit    Registers := 1     
	               28 Bit    Registers := 1     
	                1 Bit    Registers := 1     
+---Muxes : 
	   3 Input   32 Bit        Muxes := 1     
	   2 Input   28 Bit        Muxes := 2     
	   2 Input   21 Bit        Muxes := 1     
	   5 Input   21 Bit        Muxes := 1     
	   4 Input    7 Bit        Muxes := 1     
	   5 Input    4 Bit        Muxes := 1     
	   4 Input    4 Bit        Muxes := 1     
	   2 Input    3 Bit        Muxes := 2     
	   2 Input    2 Bit        Muxes := 1     
	   2 Input    1 Bit        Muxes := 1     
---------------------------------------------------------------------------------
Finished RTL Component Statistics 
---------------------------------------------------------------------------------
---------------------------------------------------------------------------------
Start Part Resource Summary
---------------------------------------------------------------------------------
Part Resources:
DSPs: 90 (col length:60)
BRAMs: 100 (col length: RAMB18 60 RAMB36 30)
---------------------------------------------------------------------------------
Finished Part Resource Summary
---------------------------------------------------------------------------------
---------------------------------------------------------------------------------
Start Cross Boundary and Area Optimization
---------------------------------------------------------------------------------
---------------------------------------------------------------------------------
Finished Cross Boundary and Area Optimization : Time (s): cpu = 00:00:12 ; elapsed = 00:00:13 . Memory (MB): peak = 1034.930 ; gain = 16.398
---------------------------------------------------------------------------------
---------------------------------------------------------------------------------
Start Applying XDC Timing Constraints
---------------------------------------------------------------------------------
---------------------------------------------------------------------------------
Finished Applying XDC Timing Constraints : Time (s): cpu = 00:00:17 ; elapsed = 00:00:18 . Memory (MB): peak = 1034.930 ; gain = 16.398
---------------------------------------------------------------------------------
---------------------------------------------------------------------------------
Start Timing Optimization
---------------------------------------------------------------------------------
---------------------------------------------------------------------------------
Finished Timing Optimization : Time (s): cpu = 00:00:17 ; elapsed = 00:00:18 . Memory (MB): peak = 1042.809 ; gain = 24.277
---------------------------------------------------------------------------------
---------------------------------------------------------------------------------
Start Technology Mapping
---------------------------------------------------------------------------------
---------------------------------------------------------------------------------
Finished Technology Mapping : Time (s): cpu = 00:00:17 ; elapsed = 00:00:18 . Memory (MB): peak = 1052.480 ; gain = 33.949
---------------------------------------------------------------------------------
---------------------------------------------------------------------------------
Start IO Insertion
---------------------------------------------------------------------------------
---------------------------------------------------------------------------------
Start Flattening Before IO Insertion
---------------------------------------------------------------------------------
---------------------------------------------------------------------------------
Finished Flattening Before IO Insertion
---------------------------------------------------------------------------------
---------------------------------------------------------------------------------
Start Final Netlist Cleanup
---------------------------------------------------------------------------------
---------------------------------------------------------------------------------
Finished Final Netlist Cleanup
---------------------------------------------------------------------------------
---------------------------------------------------------------------------------
Finished IO Insertion : Time (s): cpu = 00:00:20 ; elapsed = 00:00:21 . Memory (MB): peak = 1052.480 ; gain = 33.949
---------------------------------------------------------------------------------
---------------------------------------------------------------------------------
Start Renaming Generated Instances
---------------------------------------------------------------------------------
---------------------------------------------------------------------------------
Finished Renaming Generated Instances : Time (s): cpu = 00:00:20 ; elapsed = 00:00:21 . Memory (MB): peak = 1052.480 ; gain = 33.949
---------------------------------------------------------------------------------
---------------------------------------------------------------------------------
Start Rebuilding User Hierarchy
---------------------------------------------------------------------------------
---------------------------------------------------------------------------------
Finished Rebuilding User Hierarchy : Time (s): cpu = 00:00:20 ; elapsed = 00:00:21 . Memory (MB): peak = 1052.480 ; gain = 33.949
---------------------------------------------------------------------------------
---------------------------------------------------------------------------------
Start Renaming Generated Ports
---------------------------------------------------------------------------------
---------------------------------------------------------------------------------
Finished Renaming Generated Ports : Time (s): cpu = 00:00:20 ; elapsed = 00:00:21 . Memory (MB): peak = 1052.480 ; gain = 33.949
---------------------------------------------------------------------------------
---------------------------------------------------------------------------------
Start Handling Custom Attributes
---------------------------------------------------------------------------------
---------------------------------------------------------------------------------
Finished Handling Custom Attributes : Time (s): cpu = 00:00:20 ; elapsed = 00:00:21 . Memory (MB): peak = 1052.480 ; gain = 33.949
---------------------------------------------------------------------------------
---------------------------------------------------------------------------------
Start Renaming Generated Nets
---------------------------------------------------------------------------------
---------------------------------------------------------------------------------
Finished Renaming Generated Nets : Time (s): cpu = 00:00:20 ; elapsed = 00:00:21 . Memory (MB): peak = 1052.480 ; gain = 33.949
---------------------------------------------------------------------------------
---------------------------------------------------------------------------------
Start Writing Synthesis Report
---------------------------------------------------------------------------------

Report BlackBoxes: 
+-+--------------+----------+
| |BlackBox name |Instances |
+-+--------------+----------+
+-+--------------+----------+

Report Cell Usage: 
+------+-------+------+
|      |Cell   |Count |
+------+-------+------+
|1     |BUFG   |     1|
|2     |CARRY4 |    21|
|3     |LUT1   |     6|
|4     |LUT2   |    15|
|5     |LUT3   |     6|
|6     |LUT4   |     2|
|7     |LUT5   |     3|
|8     |LUT6   |    28|
|9     |FDRE   |    70|
|10    |IBUF   |    12|
|11    |OBUF   |    18|
|12    |OBUFT  |     1|
+------+-------+------+
---------------------------------------------------------------------------------
Finished Writing Synthesis Report : Time (s): cpu = 00:00:20 ; elapsed = 00:00:21 . Memory (MB): peak = 1052.480 ; gain = 33.949
---------------------------------------------------------------------------------
Synthesis finished with 0 errors, 0 critical warnings and 0 warnings.
Synthesis Optimization Runtime : Time (s): cpu = 00:00:14 ; elapsed = 00:00:19 . Memory (MB): peak = 1052.480 ; gain = 17.551
Synthesis Optimization Complete : Time (s): cpu = 00:00:20 ; elapsed = 00:00:21 . Memory (MB): peak = 1052.480 ; gain = 33.949
INFO: [Project 1-571] Translating synthesized netlist
Netlist sorting complete. Time (s): cpu = 00:00:00 ; elapsed = 00:00:00.002 . Memory (MB): peak = 1061.785 ; gain = 0.000
INFO: [Netlist 29-17] Analyzing 21 Unisim elements for replacement
INFO: [Netlist 29-28] Unisim Transformation completed in 0 CPU seconds
INFO: [Project 1-570] Preparing netlist for logic optimization
INFO: [Opt 31-138] Pushed 0 inverter(s) to 0 load pin(s).
Netlist sorting complete. Time (s): cpu = 00:00:00 ; elapsed = 00:00:00 . Memory (MB): peak = 1065.828 ; gain = 0.000
INFO: [Project 1-111] Unisim Transformation Summary:
No Unisim elements were transformed.

INFO: [Common 17-83] Releasing license: Synthesis
17 Infos, 52 Warnings, 48 Critical Warnings and 0 Errors encountered.
synth_design completed successfully
synth_design: Time (s): cpu = 00:00:25 ; elapsed = 00:00:27 . Memory (MB): peak = 1065.828 ; gain = 47.297
INFO: [runtcl-6] Synthesis results are not added to the cache due to CRITICAL_WARNING
INFO: [Common 17-1381] The checkpoint 'D:/GitHub/ProjectLabUno/miniProject1_PL1.runs/synth_1/miniProjectSource.dcp' has been generated.
INFO: [runtcl-4] Executing : report_utilization -file miniProjectSource_utilization_synth.rpt -pb miniProjectSource_utilization_synth.pb
INFO: [Common 17-206] Exiting Vivado at Sat Feb  6 12:51:57 2021...
